<?xml version="1.0" encoding="UTF-8"?>
<!-- Generated by org.testng.reporters.JUnitReportReporter -->
<testsuite hostname="Pragti" failures="0" tests="1" name="testngxml.KeyboardactionTest" time="9.281" errors="0" timestamp="2024-03-18T15:46:01 IST" skipped="0">
  <testcase classname="testngxml.KeyboardactionTest" name="fTest" time="9.281"/>
  <system-out/>
</testsuite> <!-- testngxml.KeyboardactionTest -->
