<?xml version="1.0" encoding="UTF-8"?>
<!-- Generated by org.testng.reporters.JUnitReportReporter -->
<testsuite hostname="Pragti" failures="0" tests="1" name="testngxml.NewTest" time="0.019" errors="0" timestamp="2024-08-14T11:58:14 IST" skipped="0">
  <testcase classname="testngxml.NewTest" name="fTest" time="0.019"/>
  <system-out/>
</testsuite> <!-- testngxml.NewTest -->
