<?xml version="1.0" encoding="UTF-8"?>
<!-- Generated by org.testng.reporters.JUnitReportReporter -->
<testsuite hostname="Pragti" failures="0" tests="1" name="testngxml.KeyboardactionTest" time="9.882" errors="0" timestamp="2024-08-06T19:59:29 IST" skipped="0">
  <testcase classname="testngxml.KeyboardactionTest" name="fTest" time="9.882"/>
  <system-out/>
</testsuite> <!-- testngxml.KeyboardactionTest -->
