<?xml version="1.0" encoding="UTF-8"?>
<!-- Generated by org.testng.reporters.JUnitReportReporter -->
<testsuite hostname="Pragti" failures="0" tests="1" name="testngxml.NewTest" time="11.406" errors="0" timestamp="2024-03-04T09:13:18 IST" skipped="0">
  <testcase classname="testngxml.NewTest" name="fTest" time="11.406"/>
  <system-out/>
</testsuite> <!-- testngxml.NewTest -->
