<?xml version="1.0" encoding="UTF-8"?>
<!-- Generated by org.testng.reporters.JUnitReportReporter -->
<testsuite hostname="Pragti" failures="0" tests="1" name="testngxml.Keyboardaction3Test" time="0.450" errors="0" timestamp="2024-03-18T15:46:01 IST" skipped="0">
  <testcase classname="testngxml.Keyboardaction3Test" name="fTest" time="0.450"/>
  <system-out/>
</testsuite> <!-- testngxml.Keyboardaction3Test -->
