<?xml version="1.0" encoding="UTF-8"?>
<!-- Generated by org.testng.reporters.JUnitReportReporter -->
<testsuite hostname="Pragti" failures="0" tests="1" name="testngxml.Keyboardaction4Test" time="0.404" errors="0" timestamp="2024-08-06T19:59:29 IST" skipped="0">
  <testcase classname="testngxml.Keyboardaction4Test" name="fTest" time="0.404"/>
  <system-out/>
</testsuite> <!-- testngxml.Keyboardaction4Test -->
