<?xml version="1.0" encoding="UTF-8"?>
<!-- Generated by org.testng.reporters.JUnitReportReporter -->
<testsuite hostname="Pragti" failures="0" tests="1" name="testngxml.Keyboardaction1Test" time="0.028" errors="0" timestamp="2024-03-18T15:46:01 IST" skipped="0">
  <testcase classname="testngxml.Keyboardaction1Test" name="geeTest" time="0.028"/>
  <system-out/>
</testsuite> <!-- testngxml.Keyboardaction1Test -->
