<?xml version="1.0" encoding="UTF-8"?>
<!-- Generated by org.testng.reporters.JUnitReportReporter -->
<testsuite hostname="Pragti" failures="0" tests="1" name="testngxml.Keyboardaction3Test" time="4.712" errors="0" timestamp="2024-08-06T19:59:29 IST" skipped="0">
  <testcase classname="testngxml.Keyboardaction3Test" name="fTest" time="4.712"/>
  <system-out/>
</testsuite> <!-- testngxml.Keyboardaction3Test -->
